app/manifest-merger-release-report.txt
-- Merging decision tree log ---
manifest
ADDED from AndroidManifest.xml:2:1
	package
		ADDED from AndroidManifest.xml:3:5
	android:versionName
		INJECTED from AndroidManifest.xml:0:0
		INJECTED from AndroidManifest.xml:0:0
	xmlns:android
		ADDED from AndroidManifest.xml:2:11
	android:versionCode
		INJECTED from AndroidManifest.xml:0:0
		INJECTED from AndroidManifest.xml:0:0
uses-permission#android.permission.ACCESS_NETWORK_STATE
ADDED from AndroidManifest.xml:5:2
	android:name
		ADDED from AndroidManifest.xml:5:19
uses-permission#android.permission.INTERNET
ADDED from AndroidManifest.xml:6:2
	android:name
		ADDED from AndroidManifest.xml:6:19
uses-permission#android.permission.WRITE_EXTERNAL_STORAGE
ADDED from AndroidManifest.xml:7:2
	android:name
		ADDED from AndroidManifest.xml:7:19
uses-permission#android.permission.READ_EXTERNAL_STORAGE
ADDED from AndroidManifest.xml:8:2
	android:name
		ADDED from AndroidManifest.xml:8:19
application
ADDED from AndroidManifest.xml:10:2
MERGED from cma-vidya:Mupdf:unspecified:11:5
	android:label
		ADDED from AndroidManifest.xml:14:3
	android:allowBackup
		ADDED from AndroidManifest.xml:12:3
	android:icon
		ADDED from AndroidManifest.xml:13:3
	android:theme
		ADDED from AndroidManifest.xml:15:3
	android:name
		ADDED from AndroidManifest.xml:11:3
activity#com.sudosaints.cmavidya.SignInActivity
ADDED from AndroidManifest.xml:16:3
	android:screenOrientation
		ADDED from AndroidManifest.xml:18:4
	android:windowSoftInputMode
		ADDED from AndroidManifest.xml:20:4
	android:theme
		ADDED from AndroidManifest.xml:19:4
	android:name
		ADDED from AndroidManifest.xml:17:4
intent-filter#android.intent.action.MAIN+android.intent.category.LAUNCHER
ADDED from AndroidManifest.xml:21:4
action#android.intent.action.MAIN
ADDED from AndroidManifest.xml:22:5
	android:name
		ADDED from AndroidManifest.xml:22:13
category#android.intent.category.LAUNCHER
ADDED from AndroidManifest.xml:24:5
	android:name
		ADDED from AndroidManifest.xml:24:15
activity#com.sudosaints.cmavidya.GuestUserLoginActivity
ADDED from AndroidManifest.xml:27:3
	android:screenOrientation
		ADDED from AndroidManifest.xml:29:4
	android:windowSoftInputMode
		ADDED from AndroidManifest.xml:30:4
	android:name
		ADDED from AndroidManifest.xml:28:4
activity#com.sudosaints.cmavidya.RegisterActivity
ADDED from AndroidManifest.xml:31:3
	android:screenOrientation
		ADDED from AndroidManifest.xml:33:4
	android:windowSoftInputMode
		ADDED from AndroidManifest.xml:34:4
	android:name
		ADDED from AndroidManifest.xml:32:4
activity#com.sudosaints.cmavidya.DashboardActivity
ADDED from AndroidManifest.xml:35:3
	android:screenOrientation
		ADDED from AndroidManifest.xml:37:4
	android:windowSoftInputMode
		ADDED from AndroidManifest.xml:38:4
	android:name
		ADDED from AndroidManifest.xml:36:4
activity#com.sudosaints.cmavidya.PlannerActivity
ADDED from AndroidManifest.xml:39:3
	android:screenOrientation
		ADDED from AndroidManifest.xml:41:4
	android:windowSoftInputMode
		ADDED from AndroidManifest.xml:42:4
	android:name
		ADDED from AndroidManifest.xml:40:4
activity#com.sudosaints.cmavidya.PlannerItemActivity
ADDED from AndroidManifest.xml:43:3
	android:screenOrientation
		ADDED from AndroidManifest.xml:45:4
	android:windowSoftInputMode
		ADDED from AndroidManifest.xml:46:4
	android:name
		ADDED from AndroidManifest.xml:44:4
activity#com.sudosaints.cmavidya.CalendarViewActivity
ADDED from AndroidManifest.xml:47:3
	android:screenOrientation
		ADDED from AndroidManifest.xml:49:4
	android:windowSoftInputMode
		ADDED from AndroidManifest.xml:50:4
	android:name
		ADDED from AndroidManifest.xml:48:4
activity#com.sudosaints.cmavidya.KeynotesAddNoteActivity
ADDED from AndroidManifest.xml:51:3
	android:screenOrientation
		ADDED from AndroidManifest.xml:53:4
	android:windowSoftInputMode
		ADDED from AndroidManifest.xml:54:4
	android:name
		ADDED from AndroidManifest.xml:52:4
activity#com.sudosaints.cmavidya.KeynotesMainActivity
ADDED from AndroidManifest.xml:55:3
	android:screenOrientation
		ADDED from AndroidManifest.xml:57:4
	android:name
		ADDED from AndroidManifest.xml:56:4
activity#com.sudosaints.cmavidya.CreateTestActivity
ADDED from AndroidManifest.xml:58:3
	android:screenOrientation
		ADDED from AndroidManifest.xml:60:4
	android:windowSoftInputMode
		ADDED from AndroidManifest.xml:61:4
	android:name
		ADDED from AndroidManifest.xml:59:4
activity#com.sudosaints.cmavidya.ReplanActivity
ADDED from AndroidManifest.xml:62:3
	android:screenOrientation
		ADDED from AndroidManifest.xml:64:4
	android:name
		ADDED from AndroidManifest.xml:63:4
activity#com.sudosaints.cmavidya.PreTestActivity
ADDED from AndroidManifest.xml:65:3
	android:screenOrientation
		ADDED from AndroidManifest.xml:67:4
	android:name
		ADDED from AndroidManifest.xml:66:4
activity#com.sudosaints.cmavidya.TestQuestionActivity
ADDED from AndroidManifest.xml:68:3
	android:screenOrientation
		ADDED from AndroidManifest.xml:70:4
	android:name
		ADDED from AndroidManifest.xml:69:4
activity#com.sudosaints.cmavidya.ComingSoonActivity
ADDED from AndroidManifest.xml:72:3
	android:screenOrientation
		ADDED from AndroidManifest.xml:74:4
	android:name
		ADDED from AndroidManifest.xml:73:4
activity#com.sudosaints.cmavidya.MasterForumListActivity
ADDED from AndroidManifest.xml:75:3
	android:screenOrientation
		ADDED from AndroidManifest.xml:77:4
	android:name
		ADDED from AndroidManifest.xml:76:4
activity#com.sudosaints.cmavidya.ForumListActivity
ADDED from AndroidManifest.xml:81:3
	android:screenOrientation
		ADDED from AndroidManifest.xml:83:4
	android:name
		ADDED from AndroidManifest.xml:82:4
activity#com.sudosaints.cmavidya.ThreadListActivity
ADDED from AndroidManifest.xml:86:3
	android:screenOrientation
		ADDED from AndroidManifest.xml:88:4
	android:name
		ADDED from AndroidManifest.xml:87:4
activity#com.artifex.mupdfdemo.MuPDFActivity
ADDED from AndroidManifest.xml:92:3
	android:theme
		ADDED from AndroidManifest.xml:95:4
	android:name
		ADDED from AndroidManifest.xml:94:4
activity#com.artifex.mupdfdemo.PrintDialogActivity
ADDED from AndroidManifest.xml:96:3
	android:label
		ADDED from AndroidManifest.xml:99:4
	android:theme
		ADDED from AndroidManifest.xml:98:4
	android:name
		ADDED from AndroidManifest.xml:97:4
uses-sdk
INJECTED from AndroidManifest.xml:0:0 reason: use-sdk injection requested
MERGED from cma-vidya:arcMenuLibrary:unspecified:7:5
MERGED from cma-vidya:aphidFlipViewLibrary:unspecified:7:5
MERGED from cma-vidya:Mupdf:unspecified:7:5
MERGED from com.joanzapata.pdfview:android-pdfview:1.0.2:25:2
	android:targetSdkVersion
		INJECTED from AndroidManifest.xml:0:0
		INJECTED from AndroidManifest.xml:0:0
	android:minSdkVersion
		INJECTED from AndroidManifest.xml:0:0
		INJECTED from AndroidManifest.xml:0:0
android:uses-permission#android.permission.READ_PHONE_STATE
IMPLIED from AndroidManifest.xml:2:1 reason: com.capricorn has a targetSdkVersion < 4